DEBUG tests/linreg_tests.c:25: ----- RUNNING: ./tests/linreg_tests
DEBUG tests/linreg_tests.c:20: 
----- test_linreg
DEBUG tests/maceps_tests.c:32: ----- RUNNING: ./tests/maceps_tests
DEBUG tests/maceps_tests.c:26: 
----- test_single
DEBUG tests/maceps_tests.c:27: 
----- test_double
DEBUG tests/matrix_tests.c:81: ----- RUNNING: ./tests/matrix_tests
DEBUG tests/matrix_tests.c:75: 
----- test_matrix_creation
[ERROR] (tests/matrix_tests.c:9: errno: None) Matrix Value Incorrect
DEBUG tests/matrix_tests.c:76: 
----- test_upper_triangular
DEBUG tests/vector_norms_tests.c:80: ----- RUNNING: ./tests/vector_norms_tests
DEBUG tests/vector_norms_tests.c:70: 
----- test_two_norm
DEBUG tests/vector_norms_tests.c:71: 
----- test_one_norm
DEBUG tests/vector_norms_tests.c:72: 
----- test_infty_norm
DEBUG tests/vector_norms_tests.c:73: 
----- test_two_norm_dist
DEBUG tests/vector_norms_tests.c:74: 
----- test_one_norm_dist
DEBUG tests/vector_norms_tests.c:75: 
----- test_infty_norm_dist
DEBUG tests/linreg_tests.c:25: ----- RUNNING: ./tests/linreg_tests
DEBUG tests/linreg_tests.c:20: 
----- test_linreg
DEBUG tests/maceps_tests.c:32: ----- RUNNING: ./tests/maceps_tests
DEBUG tests/maceps_tests.c:26: 
----- test_single
DEBUG tests/maceps_tests.c:27: 
----- test_double
DEBUG tests/matrix_tests.c:81: ----- RUNNING: ./tests/matrix_tests
DEBUG tests/matrix_tests.c:75: 
----- test_matrix_creation
[ERROR] (tests/matrix_tests.c:9: errno: None) Matrix Value Incorrect
DEBUG tests/matrix_tests.c:76: 
----- test_upper_triangular
DEBUG tests/vector_norms_tests.c:80: ----- RUNNING: ./tests/vector_norms_tests
DEBUG tests/vector_norms_tests.c:70: 
----- test_two_norm
DEBUG tests/vector_norms_tests.c:71: 
----- test_one_norm
DEBUG tests/vector_norms_tests.c:72: 
----- test_infty_norm
DEBUG tests/vector_norms_tests.c:73: 
----- test_two_norm_dist
DEBUG tests/vector_norms_tests.c:74: 
----- test_one_norm_dist
DEBUG tests/vector_norms_tests.c:75: 
----- test_infty_norm_dist
DEBUG tests/linreg_tests.c:25: ----- RUNNING: ./tests/linreg_tests
DEBUG tests/linreg_tests.c:20: 
----- test_linreg
DEBUG tests/maceps_tests.c:32: ----- RUNNING: ./tests/maceps_tests
DEBUG tests/maceps_tests.c:26: 
----- test_single
DEBUG tests/maceps_tests.c:27: 
----- test_double
DEBUG tests/matrix_tests.c:81: ----- RUNNING: ./tests/matrix_tests
DEBUG tests/matrix_tests.c:75: 
----- test_matrix_creation
DEBUG tests/matrix_tests.c:76: 
----- test_upper_triangular
DEBUG tests/vector_norms_tests.c:80: ----- RUNNING: ./tests/vector_norms_tests
DEBUG tests/vector_norms_tests.c:70: 
----- test_two_norm
DEBUG tests/vector_norms_tests.c:71: 
----- test_one_norm
DEBUG tests/vector_norms_tests.c:72: 
----- test_infty_norm
DEBUG tests/vector_norms_tests.c:73: 
----- test_two_norm_dist
DEBUG tests/vector_norms_tests.c:74: 
----- test_one_norm_dist
DEBUG tests/vector_norms_tests.c:75: 
----- test_infty_norm_dist
DEBUG tests/linreg_tests.c:25: ----- RUNNING: ./tests/linreg_tests
DEBUG tests/linreg_tests.c:20: 
----- test_linreg
DEBUG tests/maceps_tests.c:32: ----- RUNNING: ./tests/maceps_tests
DEBUG tests/maceps_tests.c:26: 
----- test_single
DEBUG tests/maceps_tests.c:27: 
----- test_double
DEBUG tests/matrix_tests.c:82: ----- RUNNING: ./tests/matrix_tests
DEBUG tests/matrix_tests.c:76: 
----- test_matrix_creation
DEBUG tests/matrix_tests.c:77: 
----- test_upper_triangular
DEBUG tests/vector_norms_tests.c:80: ----- RUNNING: ./tests/vector_norms_tests
DEBUG tests/vector_norms_tests.c:70: 
----- test_two_norm
DEBUG tests/vector_norms_tests.c:71: 
----- test_one_norm
DEBUG tests/vector_norms_tests.c:72: 
----- test_infty_norm
DEBUG tests/vector_norms_tests.c:73: 
----- test_two_norm_dist
DEBUG tests/vector_norms_tests.c:74: 
----- test_one_norm_dist
DEBUG tests/vector_norms_tests.c:75: 
----- test_infty_norm_dist
DEBUG tests/linreg_tests.c:25: ----- RUNNING: ./tests/linreg_tests
DEBUG tests/linreg_tests.c:20: 
----- test_linreg
DEBUG tests/maceps_tests.c:32: ----- RUNNING: ./tests/maceps_tests
DEBUG tests/maceps_tests.c:26: 
----- test_single
DEBUG tests/maceps_tests.c:27: 
----- test_double
DEBUG tests/matrix_tests.c:82: ----- RUNNING: ./tests/matrix_tests
DEBUG tests/matrix_tests.c:76: 
----- test_matrix_creation
DEBUG tests/matrix_tests.c:77: 
----- test_upper_triangular
DEBUG tests/vector_norms_tests.c:80: ----- RUNNING: ./tests/vector_norms_tests
DEBUG tests/vector_norms_tests.c:70: 
----- test_two_norm
DEBUG tests/vector_norms_tests.c:71: 
----- test_one_norm
DEBUG tests/vector_norms_tests.c:72: 
----- test_infty_norm
DEBUG tests/vector_norms_tests.c:73: 
----- test_two_norm_dist
DEBUG tests/vector_norms_tests.c:74: 
----- test_one_norm_dist
DEBUG tests/vector_norms_tests.c:75: 
----- test_infty_norm_dist
DEBUG tests/linreg_tests.c:25: ----- RUNNING: ./tests/linreg_tests
DEBUG tests/linreg_tests.c:20: 
----- test_linreg
DEBUG tests/maceps_tests.c:32: ----- RUNNING: ./tests/maceps_tests
DEBUG tests/maceps_tests.c:26: 
----- test_single
DEBUG tests/maceps_tests.c:27: 
----- test_double
DEBUG tests/matrix_tests.c:81: ----- RUNNING: ./tests/matrix_tests
DEBUG tests/matrix_tests.c:75: 
----- test_matrix_creation
[ERROR] (tests/matrix_tests.c:9: errno: None) Matrix Value Incorrect
DEBUG tests/matrix_tests.c:76: 
----- test_upper_triangular
DEBUG tests/vector_norms_tests.c:80: ----- RUNNING: ./tests/vector_norms_tests
DEBUG tests/vector_norms_tests.c:70: 
----- test_two_norm
DEBUG tests/vector_norms_tests.c:71: 
----- test_one_norm
DEBUG tests/vector_norms_tests.c:72: 
----- test_infty_norm
DEBUG tests/vector_norms_tests.c:73: 
----- test_two_norm_dist
DEBUG tests/vector_norms_tests.c:74: 
----- test_one_norm_dist
DEBUG tests/vector_norms_tests.c:75: 
----- test_infty_norm_dist
DEBUG tests/linreg_tests.c:25: ----- RUNNING: ./tests/linreg_tests
DEBUG tests/linreg_tests.c:20: 
----- test_linreg
DEBUG tests/maceps_tests.c:32: ----- RUNNING: ./tests/maceps_tests
DEBUG tests/maceps_tests.c:26: 
----- test_single
DEBUG tests/maceps_tests.c:27: 
----- test_double
DEBUG tests/matrix_tests.c:68: ----- RUNNING: ./tests/matrix_tests
DEBUG tests/matrix_tests.c:62: 
----- test_matrix_creation
[ERROR] (tests/matrix_tests.c:9: errno: None) Matrix Value Incorrect
DEBUG tests/linreg_tests.c:25: ----- RUNNING: ./tests/linreg_tests
DEBUG tests/linreg_tests.c:20: 
----- test_linreg
DEBUG tests/maceps_tests.c:32: ----- RUNNING: ./tests/maceps_tests
DEBUG tests/maceps_tests.c:26: 
----- test_single
DEBUG tests/maceps_tests.c:27: 
----- test_double
DEBUG tests/matrix_tests.c:68: ----- RUNNING: ./tests/matrix_tests
DEBUG tests/matrix_tests.c:62: 
----- test_matrix_creation
[ERROR] (tests/matrix_tests.c:8: errno: None) Incorrect matrix value
DEBUG tests/linreg_tests.c:25: ----- RUNNING: ./tests/linreg_tests
DEBUG tests/linreg_tests.c:20: 
----- test_linreg
DEBUG tests/maceps_tests.c:32: ----- RUNNING: ./tests/maceps_tests
DEBUG tests/maceps_tests.c:26: 
----- test_single
DEBUG tests/maceps_tests.c:27: 
----- test_double
DEBUG tests/matrix_tests.c:60: ----- RUNNING: ./tests/matrix_tests
DEBUG tests/matrix_tests.c:54: 
----- test_matrix_creation
DEBUG tests/matrix_tests.c:55: 
----- test_upper_triangular
DEBUG tests/linreg_tests.c:25: ----- RUNNING: ./tests/linreg_tests
DEBUG tests/linreg_tests.c:20: 
----- test_linreg
DEBUG tests/maceps_tests.c:32: ----- RUNNING: ./tests/maceps_tests
DEBUG tests/maceps_tests.c:26: 
----- test_single
DEBUG tests/maceps_tests.c:27: 
----- test_double
DEBUG tests/matrix_tests.c:72: ----- RUNNING: ./tests/matrix_tests
DEBUG tests/matrix_tests.c:66: 
----- test_matrix_creation
DEBUG tests/matrix_tests.c:67: 
----- test_upper_triangular
DEBUG tests/vector_norms_tests.c:80: ----- RUNNING: ./tests/vector_norms_tests
DEBUG tests/vector_norms_tests.c:70: 
----- test_two_norm
DEBUG tests/vector_norms_tests.c:71: 
----- test_one_norm
DEBUG tests/vector_norms_tests.c:72: 
----- test_infty_norm
DEBUG tests/vector_norms_tests.c:73: 
----- test_two_norm_dist
DEBUG tests/vector_norms_tests.c:74: 
----- test_one_norm_dist
DEBUG tests/vector_norms_tests.c:75: 
----- test_infty_norm_dist
DEBUG tests/linreg_tests.c:25: ----- RUNNING: ./tests/linreg_tests
DEBUG tests/linreg_tests.c:20: 
----- test_linreg
DEBUG tests/maceps_tests.c:32: ----- RUNNING: ./tests/maceps_tests
DEBUG tests/maceps_tests.c:26: 
----- test_single
DEBUG tests/maceps_tests.c:27: 
----- test_double
DEBUG tests/matrix_tests.c:73: ----- RUNNING: ./tests/matrix_tests
DEBUG tests/matrix_tests.c:67: 
----- test_matrix_creation
DEBUG tests/matrix_tests.c:68: 
----- test_upper_triangular
DEBUG tests/linreg_tests.c:25: ----- RUNNING: ./tests/linreg_tests
DEBUG tests/linreg_tests.c:20: 
----- test_linreg
DEBUG tests/maceps_tests.c:32: ----- RUNNING: ./tests/maceps_tests
DEBUG tests/maceps_tests.c:26: 
----- test_single
DEBUG tests/maceps_tests.c:27: 
----- test_double
DEBUG tests/matrix_tests.c:74: ----- RUNNING: ./tests/matrix_tests
DEBUG tests/matrix_tests.c:68: 
----- test_matrix_creation
DEBUG tests/matrix_tests.c:69: 
----- test_upper_triangular
DEBUG tests/linreg_tests.c:25: ----- RUNNING: ./tests/linreg_tests
DEBUG tests/linreg_tests.c:20: 
----- test_linreg
DEBUG tests/maceps_tests.c:32: ----- RUNNING: ./tests/maceps_tests
DEBUG tests/maceps_tests.c:26: 
----- test_single
DEBUG tests/maceps_tests.c:27: 
----- test_double
DEBUG tests/matrix_tests.c:76: ----- RUNNING: ./tests/matrix_tests
DEBUG tests/matrix_tests.c:70: 
----- test_matrix_creation
DEBUG tests/matrix_tests.c:71: 
----- test_upper_triangular
DEBUG tests/linreg_tests.c:25: ----- RUNNING: ./tests/linreg_tests
DEBUG tests/linreg_tests.c:20: 
----- test_linreg
DEBUG tests/maceps_tests.c:32: ----- RUNNING: ./tests/maceps_tests
DEBUG tests/maceps_tests.c:26: 
----- test_single
DEBUG tests/maceps_tests.c:27: 
----- test_double
DEBUG tests/matrix_tests.c:76: ----- RUNNING: ./tests/matrix_tests
DEBUG tests/matrix_tests.c:70: 
----- test_matrix_creation
DEBUG tests/matrix_tests.c:71: 
----- test_upper_triangular
DEBUG tests/linreg_tests.c:25: ----- RUNNING: ./tests/linreg_tests
DEBUG tests/linreg_tests.c:20: 
----- test_linreg
DEBUG tests/maceps_tests.c:32: ----- RUNNING: ./tests/maceps_tests
DEBUG tests/maceps_tests.c:26: 
----- test_single
DEBUG tests/maceps_tests.c:27: 
----- test_double
DEBUG tests/matrix_tests.c:63: ----- RUNNING: ./tests/matrix_tests
DEBUG tests/matrix_tests.c:57: 
----- test_matrix_creation
DEBUG tests/matrix_tests.c:58: 
----- test_upper_triangular
DEBUG tests/vector_norms_tests.c:80: ----- RUNNING: ./tests/vector_norms_tests
DEBUG tests/vector_norms_tests.c:70: 
----- test_two_norm
DEBUG tests/vector_norms_tests.c:71: 
----- test_one_norm
DEBUG tests/vector_norms_tests.c:72: 
----- test_infty_norm
DEBUG tests/vector_norms_tests.c:73: 
----- test_two_norm_dist
DEBUG tests/vector_norms_tests.c:74: 
----- test_one_norm_dist
DEBUG tests/vector_norms_tests.c:75: 
----- test_infty_norm_dist
DEBUG tests/linreg_tests.c:25: ----- RUNNING: ./tests/linreg_tests
DEBUG tests/linreg_tests.c:20: 
----- test_linreg
DEBUG tests/maceps_tests.c:32: ----- RUNNING: ./tests/maceps_tests
DEBUG tests/maceps_tests.c:26: 
----- test_single
DEBUG tests/maceps_tests.c:27: 
----- test_double
DEBUG tests/matrix_tests.c:60: ----- RUNNING: ./tests/matrix_tests
DEBUG tests/matrix_tests.c:54: 
----- test_matrix_creation
DEBUG tests/matrix_tests.c:55: 
----- test_upper_triangular
DEBUG tests/vector_norms_tests.c:80: ----- RUNNING: ./tests/vector_norms_tests
DEBUG tests/vector_norms_tests.c:70: 
----- test_two_norm
DEBUG tests/vector_norms_tests.c:71: 
----- test_one_norm
DEBUG tests/vector_norms_tests.c:72: 
----- test_infty_norm
DEBUG tests/vector_norms_tests.c:73: 
----- test_two_norm_dist
DEBUG tests/vector_norms_tests.c:74: 
----- test_one_norm_dist
DEBUG tests/vector_norms_tests.c:75: 
----- test_infty_norm_dist
